<?xml version="1.0" encoding="UTF-8"?>
<!-- Generated by org.testng.reporters.JUnitReportReporter -->
<testsuite hostname="Owl" failures="0" tests="3" name="baseClass.Amazon" time="22.681" errors="0" timestamp="2024-10-04T20:22:27 IST" skipped="0">
  <testcase classname="baseClass.Amazon" name="home" time="7.016"/>
  <testcase classname="baseClass.Amazon" name="item" time="3.332"/>
  <testcase classname="baseClass.Amazon" name="cart" time="12.333"/>
</testsuite> <!-- baseClass.Amazon -->
