<?xml version="1.0" encoding="UTF-8"?>
<!-- Generated by org.testng.reporters.JUnitReportReporter -->
<testsuite hostname="Owl" failures="0" tests="3" name="baseClass.Amazon" time="21.129" errors="0" timestamp="2024-10-04T17:46:34 IST" skipped="0">
  <testcase classname="baseClass.Amazon" name="home" time="7.001"/>
  <testcase classname="baseClass.Amazon" name="item" time="3.515"/>
  <testcase classname="baseClass.Amazon" name="cart" time="10.613"/>
</testsuite> <!-- baseClass.Amazon -->
