<?xml version="1.0" encoding="UTF-8"?>
<!-- Generated by org.testng.reporters.JUnitReportReporter -->
<testsuite hostname="Owl" failures="0" tests="1" name="baseClass.ParallelExecutionEx" time="1.132" errors="0" timestamp="2024-10-04T20:22:27 IST" skipped="0">
  <testcase classname="baseClass.ParallelExecutionEx" name="setup" time="1.132"/>
</testsuite> <!-- baseClass.ParallelExecutionEx -->
