<?xml version="1.0" encoding="UTF-8"?>
<!-- Generated by org.testng.reporters.JUnitReportReporter -->
<testsuite hostname="Owl" failures="0" tests="2" name="baseClass.Amazon" time="10.420" errors="0" timestamp="2024-10-03T21:29:58 IST" skipped="0">
  <testcase classname="baseClass.Amazon" name="home" time="10.194"/>
  <testcase classname="baseClass.Amazon" name="item" time="0.226"/>
</testsuite> <!-- baseClass.Amazon -->
